<?xml version="1.0" encoding="UTF-8"?>
<testng-results ignored="0" total="1" passed="1" failed="0" skipped="0">
  <reporter-output>
  </reporter-output>
  <suite started-at="2023-08-23T15:49:08 EDT" name="All Test Suite" finished-at="2023-08-23T15:49:13 EDT" duration-ms="4562">
    <groups>
    </groups>
    <test started-at="2023-08-23T15:49:08 EDT" name="C:/Users/javva/Downloads/Git repository/LearningTestNg/src/test" finished-at="2023-08-23T15:49:13 EDT" duration-ms="4562">
      <class name="Screenshot">
        <test-method signature="takingScreenshot()[pri:0, instance:Screenshot@1d76aeea]" started-at="2023-08-23T15:49:08 EDT" name="takingScreenshot" finished-at="2023-08-23T15:49:13 EDT" duration-ms="4522" status="PASS">
          <reporter-output>
          </reporter-output>
        </test-method> <!-- takingScreenshot -->
      </class> <!-- Screenshot -->
    </test> <!-- C:/Users/javva/Downloads/Git repository/LearningTestNg/src/test -->
  </suite> <!-- All Test Suite -->
</testng-results>
